<?xml version="1.0" encoding="UTF-8"?>
<testng-results ignored="0" total="1" passed="1" failed="0" skipped="0">
  <reporter-output>
  </reporter-output>
  <suite started-at="2023-01-04T12:45:08 IST" name="Practice Suite" finished-at="2023-01-04T12:45:17 IST" duration-ms="8970">
    <groups>
    </groups>
    <test started-at="2023-01-04T12:45:08 IST" name="Regression Testing" finished-at="2023-01-04T12:45:17 IST" duration-ms="8970">
      <class name="com.inetbank.testCases.TC_NewCustomerTest">
        <test-method is-config="true" signature="initialSetup()[pri:0, instance:com.inetbank.testCases.TC_NewCustomerTest@75d3a5e0]" started-at="2023-01-04T12:45:08 IST" name="initialSetup" finished-at="2023-01-04T12:45:09 IST" duration-ms="294" status="PASS">
          <reporter-output>
          </reporter-output>
        </test-method> <!-- initialSetup -->
        <test-method is-config="true" signature="browserSetup(java.lang.String)[pri:0, instance:com.inetbank.testCases.TC_NewCustomerTest@75d3a5e0]" started-at="2023-01-04T12:45:09 IST" name="browserSetup" finished-at="2023-01-04T12:45:13 IST" duration-ms="4636" status="PASS">
          <params>
            <param index="0">
              <value>
                <![CDATA[edge]]>
              </value>
            </param>
          </params>
          <reporter-output>
          </reporter-output>
        </test-method> <!-- browserSetup -->
        <test-method signature="addNewCustomerTest()[pri:0, instance:com.inetbank.testCases.TC_NewCustomerTest@75d3a5e0]" started-at="2023-01-04T12:45:13 IST" name="addNewCustomerTest" finished-at="2023-01-04T12:45:17 IST" duration-ms="3761" status="PASS">
          <reporter-output>
          </reporter-output>
        </test-method> <!-- addNewCustomerTest -->
        <test-method is-config="true" signature="tearDown()[pri:0, instance:com.inetbank.testCases.TC_NewCustomerTest@75d3a5e0]" started-at="2023-01-04T12:45:17 IST" name="tearDown" finished-at="2023-01-04T12:45:17 IST" duration-ms="247" status="PASS">
          <reporter-output>
          </reporter-output>
        </test-method> <!-- tearDown -->
      </class> <!-- com.inetbank.testCases.TC_NewCustomerTest -->
    </test> <!-- Regression Testing -->
  </suite> <!-- Practice Suite -->
</testng-results>
